<?xml version="1.0" encoding="UTF-8" ?>
<testsuite errors="0" failures="0" hostname="DESKTOP-MFLRDRC" name="hospitalreservationsystem.addingdoctorTest" skipped="0" tests="34" time="0.928" timestamp="2023-06-22T14:14:49">
  <properties>
    <property name="netbeans.autoupdate.country" value="US" />
    <property name="javac.test.classpath" value="D:\Programing\netbeans\netbeans installing\NetBeans 8.2\java\modules\ext\AbsoluteLayout.jar:D:\Programing\netbeans\jdk\jdk1.8.0_111\db\lib\derbyclient.jar:build/classes:D:\Programing\netbeans\netbeans installing\NetBeans 8.2\platform\modules\ext\junit-4.12.jar:D:\Programing\netbeans\netbeans installing\NetBeans 8.2\platform\modules\ext\hamcrest-core-1.3.jar" />
    <property name="ant.core.lib" value="D:\Programing\netbeans\netbeans installing\NetBeans 8.2\extide\ant\lib\ant.jar" />
    <property name="javadoc.windowtitle" value="" />
    <property name="user.dir" value="D:\education\3rd year computer\tests java\tests java first term\HospitalReservationSystem" />
    <property name="java.vm.version" value="25.111-b14" />
    <property name="libs.MySQLDriver.classpath" value="D:\Programing\netbeans\netbeans installing\NetBeans 8.2\ide\modules\ext\mysql-connector-java-5.1.23-bin.jar" />
    <property name="libs.eclipselinkmodelgen.src" value="" />
    <property name="javadoc.notree" value="false" />
    <property name="netbeans.autoupdate.version" value="1.23" />
    <property name="javac.profile.cmd.line.arg" value="" />
    <property name="jdk.home" value="D:\Programing\netbeans\jdk\jdk1.8.0_111" />
    <property name="libs.javac-api.src" value="" />
    <property name="javadoc.noindex" value="false" />
    <property name="libs.jpa2-persistence.classpath" value="D:\Programing\netbeans\netbeans installing\NetBeans 8.2\java\modules\ext\hibernate4\hibernate-jpa-2.1-api-1.0.0.Final.jar" />
    <property name="sun.os.patch.level" value="" />
    <property name="do.archive+manifest.available" value="true" />
    <property name="java.vm.specification.name" value="Java Virtual Machine Specification" />
    <property name="nb.show.statistics.ui" value="usageStatisticsEnabled" />
    <property name="netbeans.autoupdate.variant" value="" />
    <property name="have.tests" value="true" />
    <property name="org.xml.sax.driver" value="com.sun.org.apache.xerces.internal.jaxp.SAXParserImpl$JAXPSAXParser" />
    <property name="libs.hamcrest.classpath" value="D:\Programing\netbeans\netbeans installing\NetBeans 8.2\platform\modules\ext\hamcrest-core-1.3.jar" />
    <property name="libs.javac-api.javadoc" value="" />
    <property name="os.name" value="Windows 10" />
    <property name="libs.beans-binding.classpath" value="D:\Programing\netbeans\netbeans installing\NetBeans 8.2\java\modules\ext\beansbinding-1.2.1.jar" />
    <property name="ap.proc.none.internal" value="" />
    <property name="libs.JWSAntTasks.maven-pom" value="" />
    <property name="libs.testng.src" value="" />
    <property name="java.vendor.url.bug" value="http://bugreport.sun.com/bugreport/" />
    <property name="libs.jaxb.maven-pom" value="" />
    <property name="os.arch" value="amd64" />
    <property name="libs.eclipselink.src" value="" />
    <property name="user.name" value="Lenovo" />
    <property name="copylibs.rebase" value="true" />
    <property name="libs.swing-layout.maven-pom" value="" />
    <property name="sun.java.command" value="org.apache.tools.ant.taskdefs.optional.junit.JUnitTestRunner hospitalreservationsystem.addingdoctorTest skipNonTests=false filtertrace=true haltOnError=false haltOnFailure=false showoutput=true outputtoformatters=true logfailedtests=true threadid=0 logtestlistenerevents=true formatter=org.apache.tools.ant.taskdefs.optional.junit.BriefJUnitResultFormatter formatter=org.apache.tools.ant.taskdefs.optional.junit.XMLJUnitResultFormatter,D:\education\3rd year computer\tests java\tests java first term\HospitalReservationSystem\build\test\results\TEST-hospitalreservationsystem.addingdoctorTest.xml crashfile=D:\education\3rd year computer\tests java\tests java first term\HospitalReservationSystem\build\junitvmwatcher2204939277937127613.properties propsfile=D:\education\3rd year computer\tests java\tests java first term\HospitalReservationSystem\build\junit8846184502359056290.properties" />
    <property name="build.classes.dir" value="build/classes" />
    <property name="netbeans.accept_license_class" value="org.netbeans.license.AcceptLicense" />
    <property name="build.sysclasspath" value="ignore" />
    <property name="manifest.encoding" value="UTF-8" />
    <property name="ap.supported.internal" value="true" />
    <property name="java.failonerror" value="true" />
    <property name="libs.jaxws21.javadoc" value="D:\Programing\netbeans\netbeans installing\NetBeans 8.2\java\docs\jaxws-api-doc.zip" />
    <property name="includes" value="**" />
    <property name="user.country" value="US" />
    <property name="manifest.file" value="manifest.mf" />
    <property name="javadoc.encoding" value="UTF-8" />
    <property name="javac.classpath" value="D:\Programing\netbeans\netbeans installing\NetBeans 8.2\java\modules\ext\AbsoluteLayout.jar:D:\Programing\netbeans\jdk\jdk1.8.0_111\db\lib\derbyclient.jar" />
    <property name="libs.JAVADB_DRIVER_LABEL.src" value="" />
    <property name="libs.spring-framework400.classpath" value="D:\Programing\netbeans\netbeans installing\NetBeans 8.2\ide\modules\org-apache-commons-logging.jar;D:\Programing\netbeans\netbeans installing\NetBeans 8.2\java\modules\ext\cglib-2.2.jar;D:\Programing\netbeans\netbeans installing\NetBeans 8.2\java\modules\ext\spring-4\spring-aop-4.0.1.RELEASE.jar;D:\Programing\netbeans\netbeans installing\NetBeans 8.2\java\modules\ext\spring-4\spring-aspects-4.0.1.RELEASE.jar;D:\Programing\netbeans\netbeans installing\NetBeans 8.2\java\modules\ext\spring-4\spring-beans-4.0.1.RELEASE.jar;D:\Programing\netbeans\netbeans installing\NetBeans 8.2\java\modules\ext\spring-4\spring-build-src-4.0.1.RELEASE.jar;D:\Programing\netbeans\netbeans installing\NetBeans 8.2\java\modules\ext\spring-4\spring-context-4.0.1.RELEASE.jar;D:\Programing\netbeans\netbeans installing\NetBeans 8.2\java\modules\ext\spring-4\spring-context-support-4.0.1.RELEASE.jar;D:\Programing\netbeans\netbeans installing\NetBeans 8.2\java\modules\ext\spring-4\spring-core-4.0.1.RELEASE.jar;D:\Programing\netbeans\netbeans installing\NetBeans 8.2\java\modules\ext\spring-4\spring-expression-4.0.1.RELEASE.jar;D:\Programing\netbeans\netbeans installing\NetBeans 8.2\java\modules\ext\spring-4\spring-framework-bom-4.0.1.RELEASE.jar;D:\Programing\netbeans\netbeans installing\NetBeans 8.2\java\modules\ext\spring-4\spring-instrument-4.0.1.RELEASE.jar;D:\Programing\netbeans\netbeans installing\NetBeans 8.2\java\modules\ext\spring-4\spring-instrument-tomcat-4.0.1.RELEASE.jar;D:\Programing\netbeans\netbeans installing\NetBeans 8.2\java\modules\ext\spring-4\spring-jdbc-4.0.1.RELEASE.jar;D:\Programing\netbeans\netbeans installing\NetBeans 8.2\java\modules\ext\spring-4\spring-jms-4.0.1.RELEASE.jar;D:\Programing\netbeans\netbeans installing\NetBeans 8.2\java\modules\ext\spring-4\spring-messaging-4.0.1.RELEASE.jar;D:\Programing\netbeans\netbeans installing\NetBeans 8.2\java\modules\ext\spring-4\spring-orm-4.0.1.RELEASE.jar;D:\Programing\netbeans\netbeans installing\NetBeans 8.2\java\modules\ext\spring-4\spring-oxm-4.0.1.RELEASE.jar;D:\Programing\netbeans\netbeans installing\NetBeans 8.2\java\modules\ext\spring-4\spring-test-4.0.1.RELEASE.jar;D:\Programing\netbeans\netbeans installing\NetBeans 8.2\java\modules\ext\spring-4\spring-tx-4.0.1.RELEASE.jar;D:\Programing\netbeans\netbeans installing\NetBeans 8.2\java\modules\ext\spring-4\spring-web-4.0.1.RELEASE.jar;D:\Programing\netbeans\netbeans installing\NetBeans 8.2\java\modules\ext\spring-4\spring-webmvc-4.0.1.RELEASE.jar;D:\Programing\netbeans\netbeans installing\NetBeans 8.2\java\modules\ext\spring-4\spring-webmvc-portlet-4.0.1.RELEASE.jar;D:\Programing\netbeans\netbeans installing\NetBeans 8.2\java\modules\ext\spring-4\spring-websocket-4.0.1.RELEASE.jar" />
    <property name="debug-transport" value="dt_shmem" />
    <property name="netbeans.home" value="D:\Programing\netbeans\netbeans installing\NetBeans 8.2\platform" />
    <property name="build.compiler.emacs" value="true" />
    <property name="java.endorsed.dirs" value="D:\Programing\netbeans\jdk\jdk1.8.0_111\jre\lib\endorsed" />
    <property name="netbeans.dynamic.classpath" value="D:\Programing\netbeans\netbeans installing\NetBeans 8.2\platform\core\asm-all-5.0.1.jar;D:\Programing\netbeans\netbeans installing\NetBeans 8.2\platform\core\core-base.jar;D:\Programing\netbeans\netbeans installing\NetBeans 8.2\platform\core\core.jar;D:\Programing\netbeans\netbeans installing\NetBeans 8.2\platform\core\org-netbeans-libs-asm.jar;D:\Programing\netbeans\netbeans installing\NetBeans 8.2\platform\core\org-openide-filesystems-compat8.jar;D:\Programing\netbeans\netbeans installing\NetBeans 8.2\platform\core\org-openide-filesystems.jar;D:\Programing\netbeans\netbeans installing\NetBeans 8.2\platform\core\locale\core-base_ja.jar;D:\Programing\netbeans\netbeans installing\NetBeans 8.2\platform\core\locale\core-base_pt_BR.jar;D:\Programing\netbeans\netbeans installing\NetBeans 8.2\platform\core\locale\core-base_ru.jar;D:\Programing\netbeans\netbeans installing\NetBeans 8.2\platform\core\locale\core-base_zh_CN.jar;D:\Programing\netbeans\netbeans installing\NetBeans 8.2\platform\core\locale\core_ja.jar;D:\Programing\netbeans\netbeans installing\NetBeans 8.2\platform\core\locale\core_pt_BR.jar;D:\Programing\netbeans\netbeans installing\NetBeans 8.2\platform\core\locale\core_ru.jar;D:\Programing\netbeans\netbeans installing\NetBeans 8.2\platform\core\locale\core_zh_CN.jar;D:\Programing\netbeans\netbeans installing\NetBeans 8.2\platform\core\locale\org-netbeans-libs-asm_ja.jar;D:\Programing\netbeans\netbeans installing\NetBeans 8.2\platform\core\locale\org-netbeans-libs-asm_pt_BR.jar;D:\Programing\netbeans\netbeans installing\NetBeans 8.2\platform\core\locale\org-netbeans-libs-asm_ru.jar;D:\Programing\netbeans\netbeans installing\NetBeans 8.2\platform\core\locale\org-netbeans-libs-asm_zh_CN.jar;D:\Programing\netbeans\netbeans installing\NetBeans 8.2\platform\core\locale\org-openide-filesystems-compat8_ja.jar;D:\Programing\netbeans\netbeans installing\NetBeans 8.2\platform\core\locale\org-openide-filesystems-compat8_pt_BR.jar;D:\Programing\netbeans\netbeans installing\NetBeans 8.2\platform\core\locale\org-openide-filesystems-compat8_ru.jar;D:\Programing\netbeans\netbeans installing\NetBeans 8.2\platform\core\locale\org-openide-filesystems-compat8_zh_CN.jar;D:\Programing\netbeans\netbeans installing\NetBeans 8.2\platform\core\locale\org-openide-filesystems_ja.jar;D:\Programing\netbeans\netbeans installing\NetBeans 8.2\platform\core\locale\org-openide-filesystems_pt_BR.jar;D:\Programing\netbeans\netbeans installing\NetBeans 8.2\platform\core\locale\org-openide-filesystems_ru.jar;D:\Programing\netbeans\netbeans installing\NetBeans 8.2\platform\core\locale\org-openide-filesystems_zh_CN.jar;D:\Programing\netbeans\netbeans installing\NetBeans 8.2\nb\core\org-netbeans-upgrader.jar;D:\Programing\netbeans\netbeans installing\NetBeans 8.2\nb\core\locale\core_nb.jar;D:\Programing\netbeans\netbeans installing\NetBeans 8.2\nb\core\locale\core_nb_ja.jar;D:\Programing\netbeans\netbeans installing\NetBeans 8.2\nb\core\locale\core_nb_pt_BR.jar;D:\Programing\netbeans\netbeans installing\NetBeans 8.2\nb\core\locale\core_nb_ru.jar;D:\Programing\netbeans\netbeans installing\NetBeans 8.2\nb\core\locale\core_nb_zh_CN.jar;D:\Programing\netbeans\netbeans installing\NetBeans 8.2\nb\core\locale\org-netbeans-upgrader_ja.jar;D:\Programing\netbeans\netbeans installing\NetBeans 8.2\nb\core\locale\org-netbeans-upgrader_pt_BR.jar;D:\Programing\netbeans\netbeans installing\NetBeans 8.2\nb\core\locale\org-netbeans-upgrader_ru.jar;D:\Programing\netbeans\netbeans installing\NetBeans 8.2\nb\core\locale\org-netbeans-upgrader_zh_CN.jar" />
    <property name="ant.file.HospitalReservationSystem-impl" value="D:\education\3rd year computer\tests java\tests java first term\HospitalReservationSystem\nbproject\build-impl.xml" />
    <property name="java.vm.specification.version" value="1.8" />
    <property name="libs.hibernate4-support.src" value="" />
    <property name="netbeans.productversion" value="NetBeans IDE 8.2 (Build 201609300101)" />
    <property name="libs.jaxws21.src" value="" />
    <property name="do.archive" value="true" />
    <property name="netbeans.autoupdate.language" value="en" />
    <property name="java.vendor" value="Oracle Corporation" />
    <property name="jar.index.metainf" value="false" />
    <property name="javac.debug" value="true" />
    <property name="javadoc.splitindex" value="true" />
    <property name="file.separator" value="\" />
    <property name="libs.junit_4.maven-pom" value="" />
    <property name="mkdist.disabled" value="false" />
    <property name="javac.test.processorpath" value="D:\Programing\netbeans\netbeans installing\NetBeans 8.2\java\modules\ext\AbsoluteLayout.jar:D:\Programing\netbeans\jdk\jdk1.8.0_111\db\lib\derbyclient.jar:build/classes:D:\Programing\netbeans\netbeans installing\NetBeans 8.2\platform\modules\ext\junit-4.12.jar:D:\Programing\netbeans\netbeans installing\NetBeans 8.2\platform\modules\ext\hamcrest-core-1.3.jar" />
    <property name="netbeans.buildnumber" value="201609300101" />
    <property name="libs.JWSAntTasks.javadoc" value="" />
    <property name="build.generated.sources.dir" value="build/generated-sources" />
    <property name="user.variant" value="" />
    <property name="libs.eclipselinkmodelgen.classpath" value="D:\Programing\netbeans\netbeans installing\NetBeans 8.2\java\modules\ext\eclipselink\org.eclipse.persistence.jpa.modelgen_2.5.2.v20140319-9ad6abd.jar" />
    <property name="sun.java.launcher" value="SUN_STANDARD" />
    <property name="libs.hibernate4-persistencemodelgen.javadoc" value="" />
    <property name="libs.jaxb.javadoc" value="D:\Programing\netbeans\netbeans installing\NetBeans 8.2\ide\docs\jaxb-api-doc.zip" />
    <property name="ant.home" value="D:\Programing\netbeans\netbeans installing\NetBeans 8.2\extide\ant" />
    <property name="libs.junit_4.src" value="D:\Programing\netbeans\netbeans installing\NetBeans 8.2\platform\docs\junit-4.12-sources.jar" />
    <property name="libs.testng.classpath" value="D:\Programing\netbeans\netbeans installing\NetBeans 8.2\platform\modules\ext\testng-6.8.1-dist.jar" />
    <property name="libs.absolutelayout.maven-pom" value="" />
    <property name="ant.java.version" value="1.8" />
    <property name="java.library.path" value="D:\Programing\netbeans\jdk\jdk1.8.0_111\jre\bin;C:\WINDOWS\Sun\Java\bin;C:\WINDOWS\system32;C:\WINDOWS;C:\Program Files\Python311\Scripts\;C:\Program Files\Python311\;C:\WinAVR-20100110\bin;C:\WinAVR-20100110\utils\bin;C:\mingw\bin;C:\mingw\libexec\gcc\x86_64-w64-mingw32\11.2.0;C:\Program Files\Java\jdk1.8.0_311\binC:\Program Files\Java\jre1.8.0_311\bin;C:\ProgramData\Oracle\Java\javapath;C:\WINDOWS\system32;C:\WINDOWS;C:\WINDOWS\System32\Wbem;C:\WINDOWS\System32\WindowsPowerShell\v1.0\;C:\WINDOWS\System32\OpenSSH\;D:\runtime\win64;D:\bin;D:\polyspace\bin;C:\Program Files (x86)\IVI Foundation\IVI\bin;C:\Program Files\IVI Foundation\IVI\bin;C:\Program Files (x86)\IVI Foundation\VISA\WinNT\Bin\;C:\Program Files\IVI Foundation\VISA\Win64\Bin\;C:\Program Files (x86)\IVI Foundation\VISA\WinNT\Bin;D:\Programing\git\Git\cmd;C:\Users\Lenovo\AppData\Local\Programs\Python\Python37\Scripts\;C:\Users\Lenovo\AppData\Local\Programs\Python\Python37\;C:\Users\Lenovo\AppData\Local\Microsoft\WindowsApps;;C:\Users\Lenovo\AppData\Local\Programs\Microsoft VS Code\bin;." />
    <property name="javadoc.author" value="false" />
    <property name="java.util.logging.config.class" value="org.netbeans.core.startup.TopLogging" />
    <property name="libs.spring-framework400.src" value="" />
    <property name="libs.PostgreSQLDriver.src" value="" />
    <property name="sun.arch.data.model" value="64" />
    <property name="basedir" value="D:\education\3rd year computer\tests java\tests java first term\HospitalReservationSystem" />
    <property name="libs.jpa20-persistence.maven-pom" value="" />
    <property name="jar.compress" value="false" />
    <property name="path.separator" value=";" />
    <property name="ant.junit.enabletestlistenerevents" value="true" />
    <property name="sun.io.unicode.encoding" value="UnicodeLittle" />
    <property name="libs.jaxws21.classpath" value="D:\Programing\netbeans\netbeans installing\NetBeans 8.2\ide\modules\ext\jaxb\jaxb-impl.jar;D:\Programing\netbeans\netbeans installing\NetBeans 8.2\ide\modules\ext\jaxb\jaxb-xjc.jar;D:\Programing\netbeans\netbeans installing\NetBeans 8.2\java\modules\ext\jaxws22\FastInfoset.jar;D:\Programing\netbeans\netbeans installing\NetBeans 8.2\java\modules\ext\jaxws22\gmbal-api-only.jar;D:\Programing\netbeans\netbeans installing\NetBeans 8.2\java\modules\ext\jaxws22\ha-api.jar;D:\Programing\netbeans\netbeans installing\NetBeans 8.2\java\modules\ext\jaxws22\javax.mail_1.4.jar;D:\Programing\netbeans\netbeans installing\NetBeans 8.2\java\modules\ext\jaxws22\jaxws-rt.jar;D:\Programing\netbeans\netbeans installing\NetBeans 8.2\java\modules\ext\jaxws22\jaxws-tools.jar;D:\Programing\netbeans\netbeans installing\NetBeans 8.2\java\modules\ext\jaxws22\management-api.jar;D:\Programing\netbeans\netbeans installing\NetBeans 8.2\java\modules\ext\jaxws22\mimepull.jar;D:\Programing\netbeans\netbeans installing\NetBeans 8.2\java\modules\ext\jaxws22\policy.jar;D:\Programing\netbeans\netbeans installing\NetBeans 8.2\java\modules\ext\jaxws22\saaj-impl.jar;D:\Programing\netbeans\netbeans installing\NetBeans 8.2\java\modules\ext\jaxws22\stax-ex.jar;D:\Programing\netbeans\netbeans installing\NetBeans 8.2\java\modules\ext\jaxws22\stax2-api.jar;D:\Programing\netbeans\netbeans installing\NetBeans 8.2\java\modules\ext\jaxws22\streambuffer.jar;D:\Programing\netbeans\netbeans installing\NetBeans 8.2\java\modules\ext\jaxws22\woodstox-core-asl.jar;D:\Programing\netbeans\netbeans installing\NetBeans 8.2\java\modules\ext\jaxws22\api\jaxws-api.jar;D:\Programing\netbeans\netbeans installing\NetBeans 8.2\java\modules\ext\jaxws22\api\jsr181-api.jar;D:\Programing\netbeans\netbeans installing\NetBeans 8.2\java\modules\ext\jaxws22\api\javax.annotation.jar;D:\Programing\netbeans\netbeans installing\NetBeans 8.2\java\modules\ext\jaxws22\api\saaj-api.jar;D:\Programing\netbeans\netbeans installing\NetBeans 8.2\ide\modules\ext\jaxb\activation.jar;D:\Programing\netbeans\netbeans installing\NetBeans 8.2\ide\modules\ext\jaxb\api\jaxb-api.jar;D:\Programing\netbeans\netbeans installing\NetBeans 8.2\ide\modules\ext\jaxb\api\jsr173_1.0_api.jar" />
    <property name="libs.junit_5.9.2.src" value="" />
    <property name="compile.on.save" value="true" />
    <property name="apple.awt.graphics.UseQuartz" value="true" />
    <property name="user.language" value="en" />
    <property name="testng.mode" value="testng" />
    <property name="libs.JAXB-ENDORSED.maven-pom" value="" />
    <property name="libs.eclipselink.maven-pom" value="" />
    <property name="test.binaryincludes" value="&lt;nothing&gt;" />
    <property name="manifest.available" value="true" />
    <property name="libs.spring-framework300.maven-pom" value="" />
    <property name="run.test.classpath" value="D:\Programing\netbeans\netbeans installing\NetBeans 8.2\java\modules\ext\AbsoluteLayout.jar:D:\Programing\netbeans\jdk\jdk1.8.0_111\db\lib\derbyclient.jar:build/classes:D:\Programing\netbeans\netbeans installing\NetBeans 8.2\platform\modules\ext\junit-4.12.jar:D:\Programing\netbeans\netbeans installing\NetBeans 8.2\platform\modules\ext\hamcrest-core-1.3.jar:build/test/classes" />
    <property name="ant.project.invoked-targets" value="test" />
    <property name="test.binaryexcludes" value="" />
    <property name="libs.swing-layout.javadoc" value="D:\Programing\netbeans\netbeans installing\NetBeans 8.2\platform\docs\swing-layout-1.0.4-doc.zip" />
    <property name="sun.java2d.dpiaware" value="true" />
    <property name="libs.hibernate4-persistence.maven-pom" value="" />
    <property name="libs.PostgreSQLDriver.maven-pom" value="" />
    <property name="java.class.version" value="52.0" />
    <property name="libs.JAVADB_DRIVER_LABEL.classpath" value="D:\Programing\netbeans\jdk\jdk1.8.0_111\db\lib\derby.jar;D:\Programing\netbeans\jdk\jdk1.8.0_111\db\lib\derbyclient.jar;D:\Programing\netbeans\jdk\jdk1.8.0_111\db\lib\derbynet.jar" />
    <property name="libs.hibernate4-persistencemodelgen.maven-pom" value="" />
    <property name="libs.eclipselink.javadoc" value="D:\Programing\netbeans\netbeans installing\NetBeans 8.2\java\modules\ext\docs\javax.persistence-2.1.0-doc.zip" />
    <property name="user.properties.file" value="C:\Users\Lenovo\AppData\Roaming\NetBeans\8.2\build.properties" />
    <property name="runtime.encoding" value="UTF-8" />
    <property name="libs.javac-api.maven-pom" value="" />
    <property name="file.encoding.pkg" value="sun.io" />
    <property name="sun.cpu.endian" value="little" />
    <property name="libs.JAXB-ENDORSED.javadoc" value="" />
    <property name="libs.JWSAntTasks.classpath" value="D:\Programing\netbeans\netbeans installing\NetBeans 8.2\java\ant\extra\org-netbeans-modules-javawebstart-anttasks.jar" />
    <property name="libs.spring-framework300.src" value="" />
    <property name="file.reference.derbyclient.jar" value="D:\Programing\netbeans\jdk\jdk1.8.0_111\db\lib\derbyclient.jar" />
    <property name="empty.dir" value="D:\education\3rd year computer\tests java\tests java first term\HospitalReservationSystem\build\empty" />
    <property name="version-output" value="java version &quot;1.8" />
    <property name="test.binarytestincludes" value="" />
    <property name="libs.hibernate4-persistencemodelgen.src" value="" />
    <property name="javadoc.preview" value="true" />
    <property name="libs.jpa20-persistence.javadoc" value="D:\Programing\netbeans\netbeans installing\NetBeans 8.2\java\modules\ext\docs\javax.persistence-2.1.0-doc.zip" />
    <property name="java.home" value="D:\Programing\netbeans\jdk\jdk1.8.0_111\jre" />
    <property name="debug.test.classpath" value="D:\Programing\netbeans\netbeans installing\NetBeans 8.2\java\modules\ext\AbsoluteLayout.jar:D:\Programing\netbeans\jdk\jdk1.8.0_111\db\lib\derbyclient.jar:build/classes:D:\Programing\netbeans\netbeans installing\NetBeans 8.2\platform\modules\ext\junit-4.12.jar:D:\Programing\netbeans\netbeans installing\NetBeans 8.2\platform\modules\ext\hamcrest-core-1.3.jar:build/test/classes" />
    <property name="netbeans.importclass" value="org.netbeans.upgrade.AutoUpgrade" />
    <property name="ant.project.default-target" value="default" />
    <property name="annotation.processing.run.all.processors" value="true" />
    <property name="libs.PostgreSQLDriver.javadoc" value="" />
    <property name="libs.MySQLDriver.maven-pom" value="" />
    <property name="libs.hibernate4-persistence.javadoc" value="D:\Programing\netbeans\netbeans installing\NetBeans 8.2\java\modules\ext\docs\javax.persistence-2.1.0-doc.zip" />
    <property name="libs.junit_4.javadoc" value="D:\Programing\netbeans\netbeans installing\NetBeans 8.2\platform\docs\junit-4.12-javadoc.jar" />
    <property name="run.classpath" value="D:\Programing\netbeans\netbeans installing\NetBeans 8.2\java\modules\ext\AbsoluteLayout.jar:D:\Programing\netbeans\jdk\jdk1.8.0_111\db\lib\derbyclient.jar:build/classes" />
    <property name="jna.boot.library.name" value="jnidispatch-422" />
    <property name="sun.awt.datatransfer.timeout" value="1000" />
    <property name="libs.jpa2-persistence.maven-pom" value="" />
    <property name="annotation.processing.enabled.in.editor" value="false" />
    <property name="libs.hibernate4-support.classpath" value="D:\Programing\netbeans\netbeans installing\NetBeans 8.2\java\modules\ext\hibernate4\antlr-2.7.7.jar;D:\Programing\netbeans\netbeans installing\NetBeans 8.2\java\modules\ext\hibernate4\c3p0-0.9.2.1.jar;D:\Programing\netbeans\netbeans installing\NetBeans 8.2\java\modules\ext\hibernate4\hibernate-c3p0-4.3.1.Final.jar;D:\Programing\netbeans\netbeans installing\NetBeans 8.2\java\modules\ext\hibernate4\mchange-commons-java-0.2.3.4.jar;D:\Programing\netbeans\netbeans installing\NetBeans 8.2\java\modules\ext\hibernate4\dom4j-1.6.1.jar;D:\Programing\netbeans\netbeans installing\NetBeans 8.2\java\modules\ext\hibernate4\ehcache-core-2.4.3.jar;D:\Programing\netbeans\netbeans installing\NetBeans 8.2\java\modules\ext\hibernate4\hibernate-ehcache-4.3.1.Final.jar;D:\Programing\netbeans\netbeans installing\NetBeans 8.2\java\modules\ext\hibernate4\hibernate-core-4.3.1.Final.jar;D:\Programing\netbeans\netbeans installing\NetBeans 8.2\java\modules\ext\hibernate4\jboss-logging-3.1.3.GA.jar;D:\Programing\netbeans\netbeans installing\NetBeans 8.2\java\modules\ext\hibernate4\hibernate-commons-annotations-4.0.4.Final.jar;D:\Programing\netbeans\netbeans installing\NetBeans 8.2\java\modules\ext\hibernate4\hibernate-entitymanager-4.3.1.Final.jar;D:\Programing\netbeans\netbeans installing\NetBeans 8.2\java\modules\ext\hibernate4\javassist-3.18.1-GA.jar;D:\Programing\netbeans\netbeans installing\NetBeans 8.2\java\modules\ext\hibernate4\jboss-transaction-api_1.2_spec-1.0.0.Final.jar;D:\Programing\netbeans\netbeans installing\NetBeans 8.2\java\modules\ext\hibernate4\slf4j-api-1.6.1.jar;D:\Programing\netbeans\netbeans installing\NetBeans 8.2\java\modules\ext\hibernate4\slf4j-simple-1.6.1.jar" />
    <property name="nb.native.filechooser" value="false" />
    <property name="sun.management.compiler" value="HotSpot 64-Bit Tiered Compilers" />
    <property name="javac.deprecation" value="false" />
    <property name="javadoc.use" value="true" />
    <property name="sun.java2d.noddraw" value="true" />
    <property name="javac.processorpath" value="D:\Programing\netbeans\netbeans installing\NetBeans 8.2\java\modules\ext\AbsoluteLayout.jar:D:\Programing\netbeans\jdk\jdk1.8.0_111\db\lib\derbyclient.jar" />
    <property name="libs.hamcrest.maven-pom" value="" />
    <property name="javac.compilerargs" value="" />
    <property name="ant.file" value="D:\education\3rd year computer\tests java\tests java first term\HospitalReservationSystem\build.xml" />
    <property name="libs.beans-binding.maven-pom" value="" />
    <property name="libs.hibernate4-support.javadoc" value="D:\Programing\netbeans\netbeans installing\NetBeans 8.2\java\modules\ext\docs\javax.persistence-2.1.0-doc.zip" />
    <property name="libs.beans-binding.src" value="" />
    <property name="java.vm.specification.vendor" value="Oracle Corporation" />
    <property name="libs.swing-layout.src" value="D:\Programing\netbeans\netbeans installing\NetBeans 8.2\platform\docs\swing-layout-1.0.4-src.zip" />
    <property name="org.openide.major.version" value="IDE/1" />
    <property name="java.vm.name" value="Java HotSpot(TM) 64-Bit Server VM" />
    <property name="netbeans.user" value="C:\Users\Lenovo\AppData\Roaming\NetBeans\8.2" />
    <property name="javadoc.additionalparam" value="" />
    <property name="java.io.tmpdir" value="C:\Users\Lenovo\AppData\Local\Temp\" />
    <property name="java.vendor.url" value="http://java.oracle.com/" />
    <property name="endorsed.classpath.cmd.line.arg" value="" />
    <property name="jna.loaded" value="true" />
    <property name="junit.available" value="true" />
    <property name="libs.junit_5.9.2.javadoc" value="" />
    <property name="org.openide.awt.ActionReference.completion" value="org.netbeans.modules.apisupport.project.layers.PathCompletions" />
    <property name="sun.boot.library.path" value="D:\Programing\netbeans\jdk\jdk1.8.0_111\jre\bin" />
    <property name="have.sources" value="true" />
    <property name="libs.hamcrest.javadoc" value="" />
    <property name="debug.classpath" value="D:\Programing\netbeans\netbeans installing\NetBeans 8.2\java\modules\ext\AbsoluteLayout.jar:D:\Programing\netbeans\jdk\jdk1.8.0_111\db\lib\derbyclient.jar:build/classes" />
    <property name="ant.file.type.HospitalReservationSystem" value="file" />
    <property name="javac.external.vm" value="true" />
    <property name="javadoc.private" value="false" />
    <property name="test.src.dir" value="test" />
    <property name="ap.processors.internal" value="" />
    <property name="meta.inf.dir" value="src/META-INF" />
    <property name="javadoc.encoding.used" value="UTF-8" />
    <property name="dist.jar" value="dist/HospitalReservationSystem.jar" />
    <property name="libs.spring-framework400.maven-pom" value="" />
    <property name="java.runtime.name" value="Java(TM) SE Runtime Environment" />
    <property name="ant.project.name" value="HospitalReservationSystem" />
    <property name="netbeans.hash.code" value="unique=NBJDK_EXTIDE_JAVA_JDK0756d88ef-c6f7-4210-9f6a-ca62f7a8e96a_dd48de3e-dab1-46d2-b818-70125342e92a" />
    <property name="netbeans.default_userdir_root" value="C:\Users\Lenovo\AppData\Roaming\NetBeans" />
    <property name="sun.cpu.isalist" value="amd64" />
    <property name="libs.spring-framework400.javadoc" value="" />
    <property name="libs.CopyLibs.javadoc" value="" />
    <property name="org.openide.specification.version" value="6.2" />
    <property name="user.home" value="C:\Users\Lenovo" />
    <property name="annotation.processing.processors.list" value="" />
    <property name="debug-args-line" value="-Xdebug" />
    <property name="libs.JWSAntTasks.src" value="" />
    <property name="jar.index" value="false" />
    <property name="libs.CopyLibs.maven-pom" value="" />
    <property name="libs.spring-framework300.javadoc" value="" />
    <property name="libs.absolutelayout.javadoc" value="" />
    <property name="java.specification.name" value="Java Platform API Specification" />
    <property name="do.archive+main.class.available" value="true" />
    <property name="java.specification.vendor" value="Oracle Corporation" />
    <property name="libs.javac-api.classpath" value="D:\Programing\netbeans\netbeans installing\NetBeans 8.2\java\modules\ext\nb-javac-api.jar" />
    <property name="java.version" value="1.8.0_111" />
    <property name="run.jvmargs.ide" value="" />
    <property name="javadoc.version" value="false" />
    <property name="libs.MySQLDriver.javadoc" value="" />
    <property name="org.openide.version" value="deprecated" />
    <property name="platform.java" value="D:\Programing\netbeans\jdk\jdk1.8.0_111\jre/bin/java" />
    <property name="source.encoding" value="UTF-8" />
    <property name="ap.cmd.line.internal" value="" />
    <property name="libs.eclipselinkmodelgen.maven-pom" value="" />
    <property name="libs.eclipselinkmodelgen.javadoc" value="" />
    <property name="libs.junit_5.9.2.maven-pom" value="" />
    <property name="netbeans.home+have.tests" value="true" />
    <property name="annotation.processing.processor.options" value="" />
    <property name="libs.testng.maven-pom" value="" />
    <property name="libs.jaxb.src" value="" />
    <property name="jdk.launcher.addexports.5" value="java.management/sun.management=ALL-UNNAMED" />
    <property name="jdk.launcher.addexports.4" value="java.desktop/com.sun.java.swing.plaf.windows=ALL-UNNAMED" />
    <property name="jdk.launcher.addexports.3" value="java.desktop/sun.awt.im=ALL-UNNAMED" />
    <property name="work.dir" value="D:\education\3rd year computer\tests java\tests java first term\HospitalReservationSystem" />
    <property name="jdk.launcher.addexports.2" value="java.desktop/java.awt.peer=ALL-UNNAMED" />
    <property name="libs.jaxb.classpath" value="D:\Programing\netbeans\netbeans installing\NetBeans 8.2\ide\modules\ext\jaxb\jaxb-impl.jar;D:\Programing\netbeans\netbeans installing\NetBeans 8.2\ide\modules\ext\jaxb\jaxb-xjc.jar;D:\Programing\netbeans\netbeans installing\NetBeans 8.2\ide\modules\ext\jaxb\jaxb1-impl.jar;D:\Programing\netbeans\netbeans installing\NetBeans 8.2\ide\modules\ext\jaxb\activation.jar;D:\Programing\netbeans\netbeans installing\NetBeans 8.2\ide\modules\ext\jaxb\api\jaxb-api.jar;D:\Programing\netbeans\netbeans installing\NetBeans 8.2\ide\modules\ext\jaxb\api\jsr173_1.0_api.jar" />
    <property name="jdk.launcher.addexports.1" value="java.base/jdk.internal.jrtfs=ALL-UNNAMED" />
    <property name="jdk.launcher.addexports.0" value="java.desktop/sun.awt=ALL-UNNAMED" />
    <property name="do.depend" value="false" />
    <property name="dist.javadoc.dir" value="dist/javadoc" />
    <property name="libs.swing-layout.classpath" value="D:\Programing\netbeans\netbeans installing\NetBeans 8.2\platform\modules\ext\swing-layout-1.0.4.jar" />
    <property name="build.generated.dir" value="build/generated" />
    <property name="javac.source" value="1.8" />
    <property name="line.separator" value="&#xd;&#xa;" />
    <property name="java.specification.version" value="1.8" />
    <property name="libs.jaxws21.maven-pom" value="" />
    <property name="java.vm.info" value="mixed mode" />
    <property name="nb.junit.batch" value="true" />
    <property name="junit.forkmode" value="perTest" />
    <property name="sun.boot.class.path" value="D:\Programing\netbeans\jdk\jdk1.8.0_111\jre\lib\resources.jar;D:\Programing\netbeans\jdk\jdk1.8.0_111\jre\lib\rt.jar;D:\Programing\netbeans\jdk\jdk1.8.0_111\jre\lib\sunrsasign.jar;D:\Programing\netbeans\jdk\jdk1.8.0_111\jre\lib\jsse.jar;D:\Programing\netbeans\jdk\jdk1.8.0_111\jre\lib\jce.jar;D:\Programing\netbeans\jdk\jdk1.8.0_111\jre\lib\charsets.jar;D:\Programing\netbeans\jdk\jdk1.8.0_111\jre\lib\jfr.jar;D:\Programing\netbeans\jdk\jdk1.8.0_111\jre\classes" />
    <property name="javac.target" value="1.8" />
    <property name="built-jar.properties" value="D:\education\3rd year computer\tests java\tests java first term\HospitalReservationSystem\build\built-jar.properties" />
    <property name="build.test.classes.dir" value="build/test/classes" />
    <property name="src.dir" value="src" />
    <property name="annotation.processing.enabled" value="true" />
    <property name="libs.jpa2-persistence.src" value="" />
    <property name="sun.awt.keepWorkingSetOnMinimize" value="true" />
    <property name="libs.jpa20-persistence.src" value="" />
    <property name="libs.JAVADB_DRIVER_LABEL.maven-pom" value="" />
    <property name="dist.dir" value="dist" />
    <property name="testng.debug.mode" value="" />
    <property name="javac.fork" value="true" />
    <property name="java.awt.printerjob" value="sun.awt.windows.WPrinterJob" />
    <property name="default.javac.source" value="1.8" />
    <property name="debug-transport-by-os" value="dt_shmem" />
    <property name="libs.MySQLDriver.src" value="" />
    <property name="sun.jnu.encoding" value="Cp1252" />
    <property name="java.runtime.version" value="1.8.0_111-b14" />
    <property name="build.test.results.dir" value="build/test/results" />
    <property name="default.javac.target" value="1.8" />
    <property name="libs.junit_4.classpath" value="D:\Programing\netbeans\netbeans installing\NetBeans 8.2\platform\modules\ext\junit-4.12.jar" />
    <property name="user.timezone" value="" />
    <property name="nb.junit.single" value="false" />
    <property name="ant.file.type.HospitalReservationSystem-impl" value="file" />
    <property name="libs.JAVADB_DRIVER_LABEL.javadoc" value="" />
    <property name="netbeans.dirs" value="D:\Programing\netbeans\netbeans installing\NetBeans 8.2\nb;D:\Programing\netbeans\netbeans installing\NetBeans 8.2\ergonomics;D:\Programing\netbeans\netbeans installing\NetBeans 8.2\ide;D:\Programing\netbeans\netbeans installing\NetBeans 8.2\extide;D:\Programing\netbeans\netbeans installing\NetBeans 8.2\java;D:\Programing\netbeans\netbeans installing\NetBeans 8.2\apisupport;D:\Programing\netbeans\netbeans installing\NetBeans 8.2\webcommon;D:\Programing\netbeans\netbeans installing\NetBeans 8.2\websvccommon;D:\Programing\netbeans\netbeans installing\NetBeans 8.2\enterprise;D:\Programing\netbeans\netbeans installing\NetBeans 8.2\mobility;D:\Programing\netbeans\netbeans installing\NetBeans 8.2\profiler;D:\Programing\netbeans\netbeans installing\NetBeans 8.2\python;D:\Programing\netbeans\netbeans installing\NetBeans 8.2\php;D:\Programing\netbeans\netbeans installing\NetBeans 8.2\identity;D:\Programing\netbeans\netbeans installing\NetBeans 8.2\harness;D:\Programing\netbeans\netbeans installing\NetBeans 8.2\cnd;D:\Programing\netbeans\netbeans installing\NetBeans 8.2\cndext;D:\Programing\netbeans\netbeans installing\NetBeans 8.2\dlight;D:\Programing\netbeans\netbeans installing\NetBeans 8.2\groovy;D:\Programing\netbeans\netbeans installing\NetBeans 8.2\extra;D:\Programing\netbeans\netbeans installing\NetBeans 8.2\javacard;D:\Programing\netbeans\netbeans installing\NetBeans 8.2\javafx" />
    <property name="java.ext.dirs" value="D:\Programing\netbeans\jdk\jdk1.8.0_111\jre\lib\ext;C:\WINDOWS\Sun\Java\lib\ext" />
    <property name="ant.file.HospitalReservationSystem" value="D:\education\3rd year computer\tests java\tests java first term\HospitalReservationSystem\build.xml" />
    <property name="libs.absolutelayout.classpath" value="D:\Programing\netbeans\netbeans installing\NetBeans 8.2\java\modules\ext\AbsoluteLayout.jar" />
    <property name="excludes" value="" />
    <property name="libs.jpa2-persistence.javadoc" value="D:\Programing\netbeans\netbeans installing\NetBeans 8.2\java\modules\ext\docs\javax.persistence-2.1.0-doc.zip" />
    <property name="java.class.path" value="D:\Programing\netbeans\netbeans installing\NetBeans 8.2\java\modules\ext\AbsoluteLayout.jar;D:\Programing\netbeans\jdk\jdk1.8.0_111\db\lib\derbyclient.jar;D:\education\3rd year computer\tests java\tests java first term\HospitalReservationSystem\build\classes;D:\Programing\netbeans\netbeans installing\NetBeans 8.2\platform\modules\ext\junit-4.12.jar;D:\Programing\netbeans\netbeans installing\NetBeans 8.2\platform\modules\ext\hamcrest-core-1.3.jar;D:\education\3rd year computer\tests java\tests java first term\HospitalReservationSystem\build\test\classes;D:\Programing\netbeans\netbeans installing\NetBeans 8.2\extide\ant\lib\ant-launcher.jar;D:\Programing\netbeans\netbeans installing\NetBeans 8.2\extide\ant\lib\ant.jar;D:\Programing\netbeans\netbeans installing\NetBeans 8.2\extide\ant\lib\ant-junit.jar;D:\Programing\netbeans\netbeans installing\NetBeans 8.2\extide\ant\lib\ant-junit4.jar;C:\Users\Lenovo\AppData\Roaming\NetBeans\8.2\modules\ext\jacocoagent.jar" />
    <property name="apple.laf.useScreenMenuBar" value="true" />
    <property name="do.mkdist" value="true" />
    <property name="libs.absolutelayout.src" value="" />
    <property name="libs.jpa20-persistence.classpath" value="D:\Programing\netbeans\netbeans installing\NetBeans 8.2\java\modules\ext\eclipselink\javax.persistence_2.1.0.v201304241213.jar" />
    <property name="os.version" value="10.0" />
    <property name="application.args" value="" />
    <property name="sun.awt.enableExtraMouseButtons" value="true" />
    <property name="main.class.available" value="true" />
    <property name="sun.desktop" value="windows" />
    <property name="libs.hibernate4-persistence.src" value="" />
    <property name="libs.hibernate4-support.maven-pom" value="" />
    <property name="libs.JAXB-ENDORSED.classpath" value="D:\Programing\netbeans\netbeans installing\NetBeans 8.2\ide\modules\ext\jaxb\api\jaxb-api.jar" />
    <property name="libs.eclipselink.classpath" value="D:\Programing\netbeans\netbeans installing\NetBeans 8.2\java\modules\ext\eclipselink\eclipselink.jar;D:\Programing\netbeans\netbeans installing\NetBeans 8.2\java\modules\ext\eclipselink\javax.persistence_2.1.0.v201304241213.jar;D:\Programing\netbeans\netbeans installing\NetBeans 8.2\java\modules\ext\eclipselink\org.eclipse.persistence.jpa.jpql_2.5.2.v20140319-9ad6abd.jar" />
    <property name="java.awt.graphicsenv" value="sun.awt.Win32GraphicsEnvironment" />
    <property name="libs.beans-binding.javadoc" value="D:\Programing\netbeans\netbeans installing\NetBeans 8.2\java\docs\beansbinding-1.2.1-doc.zip" />
    <property name="java.vm.vendor" value="Oracle Corporation" />
    <property name="libs.CopyLibs.classpath" value="D:\Programing\netbeans\netbeans installing\NetBeans 8.2\java\ant\extra\org-netbeans-modules-java-j2seproject-copylibstask.jar" />
    <property name="libs.spring-framework300.classpath" value="D:\Programing\netbeans\netbeans installing\NetBeans 8.2\ide\modules\org-apache-commons-logging.jar;D:\Programing\netbeans\netbeans installing\NetBeans 8.2\java\modules\ext\cglib-2.2.jar;D:\Programing\netbeans\netbeans installing\NetBeans 8.2\java\modules\ext\spring-3.0\spring-aop-3.2.7.RELEASE.jar;D:\Programing\netbeans\netbeans installing\NetBeans 8.2\java\modules\ext\spring-3.0\spring-aspects-3.2.7.RELEASE.jar;D:\Programing\netbeans\netbeans installing\NetBeans 8.2\java\modules\ext\spring-3.0\spring-beans-3.2.7.RELEASE.jar;D:\Programing\netbeans\netbeans installing\NetBeans 8.2\java\modules\ext\spring-3.0\spring-build-src-3.2.7.RELEASE.jar;D:\Programing\netbeans\netbeans installing\NetBeans 8.2\java\modules\ext\spring-3.0\spring-context-3.2.7.RELEASE.jar;D:\Programing\netbeans\netbeans installing\NetBeans 8.2\java\modules\ext\spring-3.0\spring-context-support-3.2.7.RELEASE.jar;D:\Programing\netbeans\netbeans installing\NetBeans 8.2\java\modules\ext\spring-3.0\spring-core-3.2.7.RELEASE.jar;D:\Programing\netbeans\netbeans installing\NetBeans 8.2\java\modules\ext\spring-3.0\spring-expression-3.2.7.RELEASE.jar;D:\Programing\netbeans\netbeans installing\NetBeans 8.2\java\modules\ext\spring-3.0\spring-framework-bom-3.2.7.RELEASE.jar;D:\Programing\netbeans\netbeans installing\NetBeans 8.2\java\modules\ext\spring-3.0\spring-instrument-3.2.7.RELEASE.jar;D:\Programing\netbeans\netbeans installing\NetBeans 8.2\java\modules\ext\spring-3.0\spring-instrument-tomcat-3.2.7.RELEASE.jar;D:\Programing\netbeans\netbeans installing\NetBeans 8.2\java\modules\ext\spring-3.0\spring-jdbc-3.2.7.RELEASE.jar;D:\Programing\netbeans\netbeans installing\NetBeans 8.2\java\modules\ext\spring-3.0\spring-jms-3.2.7.RELEASE.jar;D:\Programing\netbeans\netbeans installing\NetBeans 8.2\java\modules\ext\spring-3.0\spring-orm-3.2.7.RELEASE.jar;D:\Programing\netbeans\netbeans installing\NetBeans 8.2\java\modules\ext\spring-3.0\spring-oxm-3.2.7.RELEASE.jar;D:\Programing\netbeans\netbeans installing\NetBeans 8.2\java\modules\ext\spring-3.0\spring-struts-3.2.7.RELEASE.jar;D:\Programing\netbeans\netbeans installing\NetBeans 8.2\java\modules\ext\spring-3.0\spring-test-3.2.7.RELEASE.jar;D:\Programing\netbeans\netbeans installing\NetBeans 8.2\java\modules\ext\spring-3.0\spring-tx-3.2.7.RELEASE.jar;D:\Programing\netbeans\netbeans installing\NetBeans 8.2\java\modules\ext\spring-3.0\spring-web-3.2.7.RELEASE.jar;D:\Programing\netbeans\netbeans installing\NetBeans 8.2\java\modules\ext\spring-3.0\spring-webmvc-3.2.7.RELEASE.jar;D:\Programing\netbeans\netbeans installing\NetBeans 8.2\java\modules\ext\spring-3.0\spring-webmvc-portlet-3.2.7.RELEASE.jar" />
    <property name="libs.hamcrest.src" value="" />
    <property name="run.jvmargs" value="  -javaagent:&quot;C:\Users\Lenovo\AppData\Roaming\NetBeans\8.2\modules\ext\jacocoagent.jar&quot;=includes=hospitalreservationsystem.*,destfile=&quot;D:\education\3rd year computer\tests java\tests java first term\HospitalReservationSystem\jacoco.exec-25479327663400&quot;" />
    <property name="libs.hibernate4-persistence.classpath" value="D:\Programing\netbeans\netbeans installing\NetBeans 8.2\java\modules\ext\hibernate4\antlr-2.7.7.jar;D:\Programing\netbeans\netbeans installing\NetBeans 8.2\java\modules\ext\hibernate4\c3p0-0.9.2.1.jar;D:\Programing\netbeans\netbeans installing\NetBeans 8.2\java\modules\ext\hibernate4\hibernate-c3p0-4.3.1.Final.jar;D:\Programing\netbeans\netbeans installing\NetBeans 8.2\java\modules\ext\hibernate4\mchange-commons-java-0.2.3.4.jar;D:\Programing\netbeans\netbeans installing\NetBeans 8.2\java\modules\ext\hibernate4\dom4j-1.6.1.jar;D:\Programing\netbeans\netbeans installing\NetBeans 8.2\java\modules\ext\hibernate4\ehcache-core-2.4.3.jar;D:\Programing\netbeans\netbeans installing\NetBeans 8.2\java\modules\ext\hibernate4\hibernate-ehcache-4.3.1.Final.jar;D:\Programing\netbeans\netbeans installing\NetBeans 8.2\java\modules\ext\hibernate4\hibernate-core-4.3.1.Final.jar;D:\Programing\netbeans\netbeans installing\NetBeans 8.2\java\modules\ext\hibernate4\jboss-logging-3.1.3.GA.jar;D:\Programing\netbeans\netbeans installing\NetBeans 8.2\java\modules\ext\hibernate4\hibernate-commons-annotations-4.0.4.Final.jar;D:\Programing\netbeans\netbeans installing\NetBeans 8.2\java\modules\ext\hibernate4\hibernate-entitymanager-4.3.1.Final.jar;D:\Programing\netbeans\netbeans installing\NetBeans 8.2\java\modules\ext\hibernate4\javassist-3.18.1-GA.jar;D:\Programing\netbeans\netbeans installing\NetBeans 8.2\java\modules\ext\hibernate4\jboss-transaction-api_1.2_spec-1.0.0.Final.jar;D:\Programing\netbeans\netbeans installing\NetBeans 8.2\java\modules\ext\hibernate4\slf4j-api-1.6.1.jar;D:\Programing\netbeans\netbeans installing\NetBeans 8.2\java\modules\ext\hibernate4\slf4j-simple-1.6.1.jar;D:\Programing\netbeans\netbeans installing\NetBeans 8.2\java\modules\ext\hibernate4\hibernate-jpa-2.1-api-1.0.0.Final.jar" />
    <property name="libs.JAXB-ENDORSED.src" value="" />
    <property name="dist.archive.excludes" value="" />
    <property name="libs.testng.javadoc" value="D:\Programing\netbeans\netbeans installing\NetBeans 8.2\platform\docs\testng-6.8.1-javadoc.zip" />
    <property name="user.script" value="" />
    <property name="libs.PostgreSQLDriver.classpath" value="D:\Programing\netbeans\netbeans installing\NetBeans 8.2\ide\modules\ext\postgresql-9.4.1209.jar" />
    <property name="libs.hibernate4-persistencemodelgen.classpath" value="D:\Programing\netbeans\netbeans installing\NetBeans 8.2\java\modules\ext\hibernate4\hibernate-jpamodelgen-4.3.1.Final.jar" />
    <property name="annotation.processing.source.output" value="build/generated-sources/ap-source-output" />
    <property name="main.class" value="hospitalreservationsystem.HospitalReservationSystem" />
    <property name="libs.CopyLibs.src" value="" />
    <property name="build.dir" value="build" />
    <property name="ant.version" value="Apache Ant(TM) version 1.9.7 compiled on April 9 2016" />
    <property name="libs.junit_5.9.2.classpath" value="C:\Users\Lenovo\Downloads\JUnit 5.9.2.zip" />
    <property name="file.encoding" value="Cp1252" />
    <property name="build.classes.excludes" value="**/*.java,**/*.form" />
    <property name="jdkBug6558476" value="false" />
    <property name="javadoc.nonavbar" value="false" />
    <property name="platform.active" value="default_platform" />
    <property name="awt.toolkit" value="sun.awt.windows.WToolkit" />
  </properties>
  <testcase classname="hospitalreservationsystem.addingdoctorTest" name="testAdding1" time="0.395" />
  <testcase classname="hospitalreservationsystem.addingdoctorTest" name="testAdding2" time="0.027" />
  <testcase classname="hospitalreservationsystem.addingdoctorTest" name="testAdding3" time="0.023" />
  <testcase classname="hospitalreservationsystem.addingdoctorTest" name="testAdding4" time="0.022" />
  <testcase classname="hospitalreservationsystem.addingdoctorTest" name="testAdding5" time="0.022" />
  <testcase classname="hospitalreservationsystem.addingdoctorTest" name="testAdding6" time="0.025" />
  <testcase classname="hospitalreservationsystem.addingdoctorTest" name="testAdding7" time="0.023" />
  <testcase classname="hospitalreservationsystem.addingdoctorTest" name="testAdding8" time="0.163" />
  <testcase classname="hospitalreservationsystem.addingdoctorTest" name="testAdding9" time="0.019" />
  <testcase classname="hospitalreservationsystem.addingdoctorTest" name="testCheckdata1" time="0.001" />
  <testcase classname="hospitalreservationsystem.addingdoctorTest" name="testCheckdata2" time="0.001" />
  <testcase classname="hospitalreservationsystem.addingdoctorTest" name="testCheckdata3" time="0.0" />
  <testcase classname="hospitalreservationsystem.addingdoctorTest" name="testCheckdata4" time="0.0" />
  <testcase classname="hospitalreservationsystem.addingdoctorTest" name="testCheckdata5" time="0.001" />
  <testcase classname="hospitalreservationsystem.addingdoctorTest" name="testCheckdata6" time="0.0" />
  <testcase classname="hospitalreservationsystem.addingdoctorTest" name="testCheckdata7" time="0.001" />
  <testcase classname="hospitalreservationsystem.addingdoctorTest" name="testCheckdata8" time="0.006" />
  <testcase classname="hospitalreservationsystem.addingdoctorTest" name="testCheckdata9" time="0.0" />
  <testcase classname="hospitalreservationsystem.addingdoctorTest" name="testAdding10" time="0.036" />
  <testcase classname="hospitalreservationsystem.addingdoctorTest" name="testAdding11" time="0.026" />
  <testcase classname="hospitalreservationsystem.addingdoctorTest" name="testCheckdata10" time="0.005" />
  <testcase classname="hospitalreservationsystem.addingdoctorTest" name="testCheckdata11" time="0.0" />
  <testcase classname="hospitalreservationsystem.addingdoctorTest" name="testCheckdata12" time="0.001" />
  <testcase classname="hospitalreservationsystem.addingdoctorTest" name="testCheckdata13" time="0.006" />
  <testcase classname="hospitalreservationsystem.addingdoctorTest" name="testCheckdata14" time="0.005" />
  <testcase classname="hospitalreservationsystem.addingdoctorTest" name="testCheckdata15" time="0.005" />
  <testcase classname="hospitalreservationsystem.addingdoctorTest" name="testCheckdata16" time="0.005" />
  <testcase classname="hospitalreservationsystem.addingdoctorTest" name="testCheckdata17" time="0.004" />
  <testcase classname="hospitalreservationsystem.addingdoctorTest" name="testCheckdata18" time="0.005" />
  <testcase classname="hospitalreservationsystem.addingdoctorTest" name="testCheckdata19" time="0.0" />
  <testcase classname="hospitalreservationsystem.addingdoctorTest" name="testCheckdata20" time="0.005" />
  <testcase classname="hospitalreservationsystem.addingdoctorTest" name="testCheckdata21" time="0.006" />
  <testcase classname="hospitalreservationsystem.addingdoctorTest" name="testCheckdata22" time="0.006" />
  <testcase classname="hospitalreservationsystem.addingdoctorTest" name="testCheckdata8i" time="0.004" />
  <system-out><![CDATA[test case 1 for adding function
test case 2 for adding function
test case 3 for adding function
test case 4 for adding function
test case 5 for adding function
test case 1 for adding function
test case 7 for adding function
test case 8 for adding function
test case 9 for adding function
test case 1 for checkdata function
test case 2 for checkdata function
test case 3 for checkdata function
test case 4 for checkdata function
test case 5 for checkdata function
test case 6 for checkdata function
test case 7 for checkdata function
test case 8 for checkdata function
test case 9 for checkdata function
test case 10 for adding function
test case 9 for adding function
error
test case 10 for checkdata function
test case 11 for checkdata function
error
test case 12 for checkdata function
test case 13 for checkdata function
test case 14 for checkdata function
test case 1 for checkdata function
test case 16 for checkdata function
test case 17 for checkdata function
test case 18 for checkdata function
test case 14 for checkdata function
test case 20 for checkdata function
test case 21 for checkdata function
test case 22 for checkdata function
test case 8 for checkdata function
done
connected
]]></system-out>
  <system-err><![CDATA[]]></system-err>
</testsuite>
